<?xml version="1.0" encoding="UTF-8"?>
<!-- Generated by org.testng.reporters.JUnitXMLReporter -->
<testsuite ignored="0" hostname="DESKTOP-EL3BLUB" failures="0" tests="4" name="Surefire test" time="53.2" errors="0" timestamp="2024-11-23T20:05:59 IST">
  <testcase classname="chillakaveri.tests.ErrorvalidationsTest" name="LoginErrorValidation" time="1.533"/>
  <testcase classname="chillakaveri.tests.submitOrderTest" name="submitOrder" time="16.963"/>
  <testcase classname="chillakaveri.tests.submitOrderTest" name="submitOrder" time="17.433"/>
  <testcase classname="chillakaveri.tests.submitOrderTest" name="orderhist" time="0.76"/>
</testsuite> <!-- Surefire test -->
