<?xml version="1.0" encoding="UTF-8"?>
<!-- Generated by org.testng.reporters.JUnitXMLReporter -->
<testsuite ignored="0" hostname="DESKTOP-EL3BLUB" failures="1" tests="2" name="Error validations Test" time="14.166" errors="0" timestamp="2024-11-23T18:54:31 IST">
  <testcase classname="chillakaveri.tests.ErrorvalidationsTest" name="LoginErrorValidation" time="2.246">
    <skipped/>
  </testcase> <!-- LoginErrorValidation -->
  <testcase classname="chillakaveri.tests.ErrorvalidationsTest" name="LoginErrorValidation" time="1.57">
    <failure type="java.lang.AssertionError" message="expected [Incorrect email or password.] but found [Incorrect email orpassword.]">
      <![CDATA[java.lang.AssertionError: expected [Incorrect email or password.] but found [Incorrect email orpassword.]
at chillakaveri.tests.ErrorvalidationsTest.LoginErrorValidation(ErrorvalidationsTest.java:37)
at java.base/java.util.ArrayList.forEach(ArrayList.java:1596)
at java.base/java.util.concurrent.FutureTask.run(FutureTask.java:317)
at java.base/java.util.concurrent.ThreadPoolExecutor.runWorker(ThreadPoolExecutor.java:1144)
at java.base/java.util.concurrent.ThreadPoolExecutor$Worker.run(ThreadPoolExecutor.java:642)
at java.base/java.lang.Thread.run(Thread.java:1583)
... Removed 21 stack frames]]>
    </failure>
  </testcase> <!-- LoginErrorValidation -->
</testsuite> <!-- Error validations Test -->
