<?xml version="1.0" encoding="UTF-8"?>
<!-- Generated by org.testng.reporters.JUnitXMLReporter -->
<testsuite ignored="0" hostname="DESKTOP-EL3BLUB" failures="0" tests="3" name="Submit order Test" time="47.739" errors="0" timestamp="2024-11-23T18:55:03 IST">
  <testcase classname="chillakaveri.tests.submitOrderTest" name="submitOrder" time="18.153"/>
  <testcase classname="chillakaveri.tests.submitOrderTest" name="submitOrder" time="16.772"/>
  <testcase classname="chillakaveri.tests.submitOrderTest" name="orderhist" time="0.847"/>
</testsuite> <!-- Submit order Test -->
