<?xml version="1.0" encoding="UTF-8"?>
<testng-results ignored="0" total="4" passed="4" failed="0" skipped="0">
  <reporter-output>
  </reporter-output>
  <suite started-at="2024-11-23T20:05:06 IST" name="Surefire suite" finished-at="2024-11-23T20:05:59 IST" duration-ms="53200">
    <groups>
      <group name="ErrorHandling">
        <method signature="ErrorvalidationsTest.LoginErrorValidation()[pri:0, instance:chillakaveri.tests.ErrorvalidationsTest@40317ba2]" name="LoginErrorValidation" class="chillakaveri.tests.ErrorvalidationsTest"/>
      </group> <!-- ErrorHandling -->
      <group name="Purchase">
        <method signature="submitOrderTest.submitOrder(java.util.HashMap)[pri:0, instance:chillakaveri.tests.submitOrderTest@727eb8cb]" name="submitOrder" class="chillakaveri.tests.submitOrderTest"/>
      </group> <!-- Purchase -->
    </groups>
    <test started-at="2024-11-23T20:05:06 IST" name="Surefire test" finished-at="2024-11-23T20:05:59 IST" duration-ms="53200">
      <class name="chillakaveri.tests.submitOrderTest">
        <test-method is-config="true" signature="launchApplication()[pri:0, instance:chillakaveri.tests.submitOrderTest@727eb8cb]" started-at="2024-11-23T20:05:12 IST" name="launchApplication" finished-at="2024-11-23T20:05:17 IST" duration-ms="4491" status="PASS">
          <reporter-output>
          </reporter-output>
        </test-method> <!-- launchApplication -->
        <test-method signature="submitOrder(java.util.HashMap)[pri:0, instance:chillakaveri.tests.submitOrderTest@727eb8cb]" started-at="2024-11-23T20:05:17 IST" name="submitOrder" data-provider="getData" finished-at="2024-11-23T20:05:34 IST" duration-ms="16963" status="PASS">
          <params>
            <param index="0">
              <value>
                <![CDATA[{mail=shetty@gmail.com, pass=Iamking@000, product=ZARA COAT 3}]]>
              </value>
            </param>
          </params>
          <reporter-output>
          </reporter-output>
        </test-method> <!-- submitOrder -->
        <test-method is-config="true" signature="tearDow()[pri:0, instance:chillakaveri.tests.submitOrderTest@727eb8cb]" started-at="2024-11-23T20:05:34 IST" name="tearDow" finished-at="2024-11-23T20:05:34 IST" duration-ms="106" status="PASS">
          <reporter-output>
          </reporter-output>
        </test-method> <!-- tearDow -->
        <test-method is-config="true" signature="launchApplication()[pri:0, instance:chillakaveri.tests.submitOrderTest@727eb8cb]" started-at="2024-11-23T20:05:34 IST" name="launchApplication" finished-at="2024-11-23T20:05:38 IST" duration-ms="3885" status="PASS">
          <reporter-output>
          </reporter-output>
        </test-method> <!-- launchApplication -->
        <test-method signature="submitOrder(java.util.HashMap)[pri:0, instance:chillakaveri.tests.submitOrderTest@727eb8cb]" started-at="2024-11-23T20:05:38 IST" name="submitOrder" data-provider="getData" finished-at="2024-11-23T20:05:55 IST" duration-ms="17433" status="PASS">
          <params>
            <param index="0">
              <value>
                <![CDATA[{mail=shetty@gmail.com, pass=Iamking@000, product=IPHONE 13 PRO}]]>
              </value>
            </param>
          </params>
          <reporter-output>
          </reporter-output>
        </test-method> <!-- submitOrder -->
        <test-method is-config="true" signature="tearDow()[pri:0, instance:chillakaveri.tests.submitOrderTest@727eb8cb]" started-at="2024-11-23T20:05:55 IST" name="tearDow" finished-at="2024-11-23T20:05:55 IST" duration-ms="86" status="PASS">
          <reporter-output>
          </reporter-output>
        </test-method> <!-- tearDow -->
        <test-method is-config="true" signature="launchApplication()[pri:0, instance:chillakaveri.tests.submitOrderTest@727eb8cb]" started-at="2024-11-23T20:05:55 IST" name="launchApplication" finished-at="2024-11-23T20:05:58 IST" duration-ms="2863" status="PASS">
          <reporter-output>
          </reporter-output>
        </test-method> <!-- launchApplication -->
        <test-method signature="orderhist()[pri:0, instance:chillakaveri.tests.submitOrderTest@727eb8cb]" started-at="2024-11-23T20:05:58 IST" name="orderhist" finished-at="2024-11-23T20:05:59 IST" depends-on-methods="chillakaveri.tests.submitOrderTest.submitOrder" duration-ms="760" status="PASS">
          <reporter-output>
          </reporter-output>
        </test-method> <!-- orderhist -->
        <test-method is-config="true" signature="tearDow()[pri:0, instance:chillakaveri.tests.submitOrderTest@727eb8cb]" started-at="2024-11-23T20:05:59 IST" name="tearDow" finished-at="2024-11-23T20:05:59 IST" duration-ms="116" status="PASS">
          <reporter-output>
          </reporter-output>
        </test-method> <!-- tearDow -->
      </class> <!-- chillakaveri.tests.submitOrderTest -->
      <class name="chillakaveri.tests.ErrorvalidationsTest">
        <test-method is-config="true" signature="launchApplication()[pri:0, instance:chillakaveri.tests.ErrorvalidationsTest@40317ba2]" started-at="2024-11-23T20:05:06 IST" name="launchApplication" finished-at="2024-11-23T20:05:10 IST" duration-ms="4443" status="PASS">
          <reporter-output>
          </reporter-output>
        </test-method> <!-- launchApplication -->
        <test-method signature="LoginErrorValidation()[pri:0, instance:chillakaveri.tests.ErrorvalidationsTest@40317ba2]" started-at="2024-11-23T20:05:10 IST" name="LoginErrorValidation" finished-at="2024-11-23T20:05:12 IST" duration-ms="1533" status="PASS">
          <reporter-output>
          </reporter-output>
        </test-method> <!-- LoginErrorValidation -->
        <test-method is-config="true" signature="tearDow()[pri:0, instance:chillakaveri.tests.ErrorvalidationsTest@40317ba2]" started-at="2024-11-23T20:05:12 IST" name="tearDow" finished-at="2024-11-23T20:05:12 IST" duration-ms="193" status="PASS">
          <reporter-output>
          </reporter-output>
        </test-method> <!-- tearDow -->
      </class> <!-- chillakaveri.tests.ErrorvalidationsTest -->
    </test> <!-- Surefire test -->
  </suite> <!-- Surefire suite -->
</testng-results>
